10:30:12.827 Running build in Washington, D.C., USA (East) – iad1
10:30:12.828 Build machine configuration: 2 cores, 8 GB
10:30:12.998 Cloning github.com/B-Labs-Research-Organisation/dagda-play (Branch: main, Commit: 3a5a30c)
10:30:13.221 Cloning completed: 223.000ms
10:30:15.213 Restored build cache from previous deployment (43WS7FWWF1eqYgBm63L6tQ2ADN8C)
10:30:16.931 Running "vercel build"
10:30:17.357 Vercel CLI 50.1.3
10:30:17.689 Running "install" command: `npm install`...
10:30:20.014 
10:30:20.015 up to date, audited 885 packages in 2s
10:30:20.015 
10:30:20.015 208 packages are looking for funding
10:30:20.016   run `npm fund` for details
10:30:20.016 
10:30:20.017 found 0 vulnerabilities
10:30:20.051 Detected Next.js version: 15.5.9
10:30:20.051 Running "npm run build"
10:30:20.155 
10:30:20.156 > dagda-app@0.1.0 build
10:30:20.156 > next build --turbopack --no-lint
10:30:20.156 
10:30:20.666  ⚠ Linting is disabled.
10:30:21.187    ▲ Next.js 15.5.9 (Turbopack)
10:30:21.188 
10:30:21.227    Creating an optimized production build ...
10:30:36.333  ✓ Finished writing to disk in 15ms
10:30:36.350  ✓ Compiled successfully in 14.5s
10:30:36.353    Checking validity of types ...
10:30:43.905    Collecting page data ...
10:30:44.658    Generating static pages (0/15) ...
10:30:45.217    Generating static pages (3/15) 
10:30:45.226    Generating static pages (7/15) 
10:30:45.254    Generating static pages (11/15) 
10:30:45.471 Error occurred prerendering page "/_not-found". Read more: https://nextjs.org/docs/messages/prerender-error
10:30:45.471 ReferenceError: window is not defined
10:30:45.471     at <unknown> (.next/server/chunks/ssr/_08a9db36._.js:1:48850)
10:30:45.471     at aK (.next/server/chunks/ssr/_08a9db36._.js:1:48794) {
10:30:45.471   digest: '1601777074'
10:30:45.471 }
10:30:45.471 Export encountered an error on /_not-found/page: /_not-found, exiting the build.
10:30:45.482  ⨯ Next.js build worker exited with code: 1 and signal: null
10:30:45.516 Error: Command "npm run build" exited with 1